mobile/app/build/intermediates/manifest_merge_blame_file/debug/manifest-merger-blame-debug-report.txt
1<?xml version="1.0" encoding="utf-8"?>
2<manifest xmlns:android="http://schemas.android.com/apk/res/android"
3    package="com.example.mobile"
4    android:versionCode="1"
5    android:versionName="1.0" >
6
7    <uses-sdk
8        android:minSdkVersion="28"
8-->src\main\AndroidManifest.xml
9        android:targetSdkVersion="31" />
9-->src\main\AndroidManifest.xml
10
11    <uses-permission android:name="android.permission.INTERNET" />
11-->src\main\AndroidManifest.xml:6:5-67
11-->src\main\AndroidManifest.xml:6:22-64
12    <uses-permission android:name="android.permission.CAMERA" />
12-->src\main\AndroidManifest.xml:7:5-65
12-->src\main\AndroidManifest.xml:7:22-62
13    <uses-permission android:name="android.permission.RECORD_AUDIO" />
13-->src\main\AndroidManifest.xml:8:5-71
13-->src\main\AndroidManifest.xml:8:22-68
14
15    <application
15-->src\main\AndroidManifest.xml:10:5-54:19
16        android:allowBackup="true"
16-->src\main\AndroidManifest.xml:11:9-35
17        android:appComponentFactory="androidx.core.app.CoreComponentFactory"
17-->[androidx.core:core:1.7.0] AndroidManifest.xml:24:18-86
18        android:debuggable="true"
19        android:extractNativeLibs="false"
20        android:icon="@mipmap/ic_launcher"
20-->src\main\AndroidManifest.xml:12:9-43
21        android:label="@string/app_name"
21-->src\main\AndroidManifest.xml:13:9-41
22        android:roundIcon="@mipmap/ic_launcher_round"
22-->src\main\AndroidManifest.xml:14:9-54
23        android:supportsRtl="true"
23-->src\main\AndroidManifest.xml:15:9-35
24        android:testOnly="true"
25        android:theme="@style/Theme.Mobile"
25-->src\main\AndroidManifest.xml:16:9-44
26        android:usesCleartextTraffic="true" >
26-->src\main\AndroidManifest.xml:17:9-44
27        <activity
27-->src\main\AndroidManifest.xml:18:9-20:40
28            android:name="com.example.mobile.usersListPopUp"
28-->src\main\AndroidManifest.xml:19:13-43
29            android:exported="false" />
29-->src\main\AndroidManifest.xml:20:13-37
30        <activity android:name="com.example.mobile.Dashboard" />
30-->src\main\AndroidManifest.xml:21:9-47
30-->src\main\AndroidManifest.xml:21:19-44
31        <activity
31-->src\main\AndroidManifest.xml:22:9-24:40
32            android:name="com.example.mobile.PickAvatar"
32-->src\main\AndroidManifest.xml:23:13-39
33            android:exported="false" />
33-->src\main\AndroidManifest.xml:24:13-37
34        <activity
34-->src\main\AndroidManifest.xml:25:9-27:40
35            android:name="com.example.mobile.Profile"
35-->src\main\AndroidManifest.xml:26:13-36
36            android:exported="false" />
36-->src\main\AndroidManifest.xml:27:13-37
37        <activity
37-->src\main\AndroidManifest.xml:28:9-30:40
38            android:name="com.example.mobile.Registration"
38-->src\main\AndroidManifest.xml:29:13-41
39            android:exported="false" />
39-->src\main\AndroidManifest.xml:30:13-37
40        <activity
40-->src\main\AndroidManifest.xml:31:9-33:40
41            android:name="com.example.mobile.joinRoom"
41-->src\main\AndroidManifest.xml:32:13-37
42            android:exported="false" />
42-->src\main\AndroidManifest.xml:33:13-37
43        <activity
43-->src\main\AndroidManifest.xml:34:9-37:45
44            android:name="com.example.mobile.CreateRoomPopUp"
44-->src\main\AndroidManifest.xml:35:13-44
45            android:exported="false" />
45-->src\main\AndroidManifest.xml:36:13-37
46        <activity
46-->src\main\AndroidManifest.xml:38:9-40:40
47            android:name="com.example.mobile.ChatRooms"
47-->src\main\AndroidManifest.xml:39:13-38
48            android:exported="false" />
48-->src\main\AndroidManifest.xml:40:13-37
49        <activity android:name="com.example.mobile.DrawingActivity" />
49-->src\main\AndroidManifest.xml:41:9-53
49-->src\main\AndroidManifest.xml:41:19-50
50        <activity
50-->src\main\AndroidManifest.xml:42:9-44:39
51            android:name="com.example.mobile.ChatPage"
51-->src\main\AndroidManifest.xml:43:13-37
52            android:exported="true" />
52-->src\main\AndroidManifest.xml:44:13-36
53        <activity
53-->src\main\AndroidManifest.xml:45:9-53:20
54            android:name="com.example.mobile.MainActivity"
54-->src\main\AndroidManifest.xml:46:13-41
55            android:exported="true" >
55-->src\main\AndroidManifest.xml:47:13-36
56            <intent-filter>
56-->src\main\AndroidManifest.xml:48:13-52:29
57                <action android:name="android.intent.action.MAIN" />
57-->src\main\AndroidManifest.xml:49:17-69
57-->src\main\AndroidManifest.xml:49:25-66
58
59                <category android:name="android.intent.category.LAUNCHER" />
59-->src\main\AndroidManifest.xml:51:17-77
59-->src\main\AndroidManifest.xml:51:27-74
60            </intent-filter>
61        </activity>
62
63        <provider
63-->[androidx.emoji2:emoji2:1.0.0] AndroidManifest.xml:26:9-34:20
64            android:name="androidx.startup.InitializationProvider"
64-->[androidx.emoji2:emoji2:1.0.0] AndroidManifest.xml:27:13-67
65            android:authorities="com.example.mobile.androidx-startup"
65-->[androidx.emoji2:emoji2:1.0.0] AndroidManifest.xml:28:13-68
66            android:exported="false" >
66-->[androidx.emoji2:emoji2:1.0.0] AndroidManifest.xml:29:13-37
67            <meta-data
67-->[androidx.emoji2:emoji2:1.0.0] AndroidManifest.xml:31:13-33:52
68                android:name="androidx.emoji2.text.EmojiCompatInitializer"
68-->[androidx.emoji2:emoji2:1.0.0] AndroidManifest.xml:32:17-75
69                android:value="androidx.startup" />
69-->[androidx.emoji2:emoji2:1.0.0] AndroidManifest.xml:33:17-49
70            <meta-data
70-->[androidx.lifecycle:lifecycle-process:2.4.0] AndroidManifest.xml:31:13-33:52
71                android:name="androidx.lifecycle.ProcessLifecycleInitializer"
71-->[androidx.lifecycle:lifecycle-process:2.4.0] AndroidManifest.xml:32:17-78
72                android:value="androidx.startup" />
72-->[androidx.lifecycle:lifecycle-process:2.4.0] AndroidManifest.xml:33:17-49
73        </provider>
74
75        <service
75-->[androidx.room:room-runtime:2.3.0] AndroidManifest.xml:25:9-28:40
76            android:name="androidx.room.MultiInstanceInvalidationService"
76-->[androidx.room:room-runtime:2.3.0] AndroidManifest.xml:26:13-74
77            android:directBootAware="true"
77-->[androidx.room:room-runtime:2.3.0] AndroidManifest.xml:27:13-43
78            android:exported="false" />
78-->[androidx.room:room-runtime:2.3.0] AndroidManifest.xml:28:13-37
79    </application>
80
81</manifest>